c:\users\chrim\desktop\mysticquest\mysticquest\debug\vc143.pdb
c:\users\chrim\desktop\mysticquest\mysticquest\debug\vc143.idb
c:\users\chrim\desktop\mysticquest\mysticquest\debug\texture.obj
c:\users\chrim\desktop\mysticquest\mysticquest\debug\model_3ds.obj
c:\users\chrim\desktop\mysticquest\mysticquest\debug\main.obj
c:\users\chrim\desktop\mysticquest\mysticquest\debug\level1.obj
c:\users\chrim\desktop\mysticquest\mysticquest\debug\gltexture.obj
c:\users\chrim\desktop\mysticquest\mysticquest\debug\game.obj
c:\users\chrim\desktop\mysticquest\mysticquest\debug\camera.obj
c:\users\chrim\desktop\mysticquest\mysticquest\debug\menu.obj
c:\users\chrim\desktop\mysticquest\mysticquest\debug\level2.obj
c:\users\chrim\desktop\mysticquest\debug\mysticquest.exe
c:\users\chrim\desktop\mysticquest\debug\mysticquest.pdb
c:\users\chrim\desktop\mysticquest\debug\glew32d.dll
c:\users\chrim\desktop\mysticquest\mysticquest\debug\mysticquest.tlog\cl.command.1.tlog
c:\users\chrim\desktop\mysticquest\mysticquest\debug\mysticquest.tlog\cl.items.tlog
c:\users\chrim\desktop\mysticquest\mysticquest\debug\mysticquest.tlog\cl.read.1.tlog
c:\users\chrim\desktop\mysticquest\mysticquest\debug\mysticquest.tlog\cl.write.1.tlog
c:\users\chrim\desktop\mysticquest\mysticquest\debug\mysticquest.tlog\link.command.1.tlog
c:\users\chrim\desktop\mysticquest\mysticquest\debug\mysticquest.tlog\link.read.1.tlog
c:\users\chrim\desktop\mysticquest\mysticquest\debug\mysticquest.tlog\link.secondary.1.tlog
c:\users\chrim\desktop\mysticquest\mysticquest\debug\mysticquest.tlog\link.write.1.tlog
c:\users\chrim\desktop\mysticquest\mysticquest\debug\mysticquest.tlog\mysticquest.write.1u.tlog
